Flow report for iwanna
Mon Dec 14 20:29:59 2020
Quartus Prime Version 18.0.0 Build 614 04/24/2018 SJ Lite Edition


---------------------
; Table of Contents ;
---------------------
  1. Legal Notice
  2. Flow Summary
  3. Flow Settings
  4. Flow Non-Default Global Settings
  5. Flow Elapsed Time
  6. Flow OS Summary
  7. Flow Log
  8. Flow Messages
  9. Flow Suppressed Messages



----------------
; Legal Notice ;
----------------
Copyright (C) 2018  Intel Corporation. All rights reserved.
Your use of Intel Corporation's design tools, logic functions 
and other software and tools, and its AMPP partner logic 
functions, and any output files from any of the foregoing 
(including device programming or simulation files), and any 
associated documentation or information are expressly subject 
to the terms and conditions of the Intel Program License 
Subscription Agreement, the Intel Quartus Prime License Agreement,
the Intel FPGA IP License Agreement, or other applicable license
agreement, including, without limitation, that your use is for
the sole purpose of programming logic devices manufactured by
Intel and sold by Intel or its authorized distributors.  Please
refer to the applicable agreement for further details.



+----------------------------------------------------------------------------------+
; Flow Summary                                                                     ;
+------------------------------------+---------------------------------------------+
; Flow Status                        ; Successful - Mon Dec 14 20:29:55 2020       ;
; Quartus Prime Version              ; 18.0.0 Build 614 04/24/2018 SJ Lite Edition ;
; Revision Name                      ; iwanna                                      ;
; Top-level Entity Name              ; iwanna                                      ;
; Family                             ; Cyclone IV E                                ;
; Total logic elements               ; 3,339 / 6,272 ( 53 % )                      ;
;     Total combinational functions  ; 2,692 / 6,272 ( 43 % )                      ;
;     Dedicated logic registers      ; 2,115 / 6,272 ( 34 % )                      ;
; Total registers                    ; 2234                                        ;
; Total pins                         ; 132 / 180 ( 73 % )                          ;
; Total virtual pins                 ; 0                                           ;
; Total memory bits                  ; 11,392 / 276,480 ( 4 % )                    ;
; Embedded Multiplier 9-bit elements ; 4 / 30 ( 13 % )                             ;
; Total PLLs                         ; 2 / 2 ( 100 % )                             ;
; Device                             ; EP4CE6F17C6                                 ;
; Timing Models                      ; Final                                       ;
+------------------------------------+---------------------------------------------+


+-----------------------------------------+
; Flow Settings                           ;
+-------------------+---------------------+
; Option            ; Setting             ;
+-------------------+---------------------+
; Start date & time ; 12/14/2020 20:29:01 ;
; Main task         ; Compilation         ;
; Revision Name     ; iwanna              ;
+-------------------+---------------------+


+-----------------------------------------------------------------------------------------------------------------------------------------------+
; Flow Non-Default Global Settings                                                                                                              ;
+-------------------------------------+--------------------------------------------------------------+---------------+-------------+------------+
; Assignment Name                     ; Value                                                        ; Default Value ; Entity Name ; Section Id ;
+-------------------------------------+--------------------------------------------------------------+---------------+-------------+------------+
; COMPILER_SIGNATURE_ID               ; 1097775897629.160794894109504                                ; --            ; --          ; --         ;
; MISC_FILE                           ; iwanna_soc/synthesis/../iwanna_soc.cmp                       ; --            ; --          ; --         ;
; MISC_FILE                           ; iwanna_soc/synthesis/../../iwanna_soc.qsys                   ; --            ; --          ; --         ;
; MISC_FILE                           ; vga_clk.ppf                                                  ; --            ; --          ; --         ;
; PARTITION_COLOR                     ; -- (Not supported for targeted family)                       ; --            ; --          ; Top        ;
; PARTITION_FITTER_PRESERVATION_LEVEL ; -- (Not supported for targeted family)                       ; --            ; --          ; Top        ;
; PARTITION_NETLIST_TYPE              ; -- (Not supported for targeted family)                       ; --            ; --          ; Top        ;
; SLD_FILE                            ; iwanna_soc/synthesis/iwanna_soc.regmap                       ; --            ; --          ; --         ;
; SLD_FILE                            ; iwanna_soc/synthesis/iwanna_soc.debuginfo                    ; --            ; --          ; --         ;
; SLD_INFO                            ; QSYS_NAME iwanna_soc HAS_SOPCINFO 1 GENERATION_ID 1607948044 ; --            ; iwanna_soc  ; --         ;
; SOPCINFO_FILE                       ; iwanna_soc/synthesis/../../iwanna_soc.sopcinfo               ; --            ; --          ; --         ;
; SYNTHESIS_ONLY_QIP                  ; On                                                           ; --            ; --          ; --         ;
+-------------------------------------+--------------------------------------------------------------+---------------+-------------+------------+


+--------------------------------------------------------------------------------------------------------------------------+
; Flow Elapsed Time                                                                                                        ;
+----------------------+--------------+-------------------------+---------------------+------------------------------------+
; Module Name          ; Elapsed Time ; Average Processors Used ; Peak Virtual Memory ; Total CPU Time (on all processors) ;
+----------------------+--------------+-------------------------+---------------------+------------------------------------+
; Analysis & Synthesis ; 00:00:33     ; 1.0                     ; 4956 MB             ; 00:00:54                           ;
; Fitter               ; 00:00:16     ; 1.1                     ; 5556 MB             ; 00:00:20                           ;
; Assembler            ; 00:00:01     ; 1.0                     ; 4693 MB             ; 00:00:01                           ;
; Timing Analyzer      ; 00:00:03     ; 1.1                     ; 4811 MB             ; 00:00:03                           ;
; Total                ; 00:00:53     ; --                      ; --                  ; 00:01:18                           ;
+----------------------+--------------+-------------------------+---------------------+------------------------------------+


+------------------------------------------------------------------------------------+
; Flow OS Summary                                                                    ;
+----------------------+------------------+------------+------------+----------------+
; Module Name          ; Machine Hostname ; OS Name    ; OS Version ; Processor type ;
+----------------------+------------------+------------+------------+----------------+
; Analysis & Synthesis ; LAPTOP-5QTFLDN6  ; Windows 10 ; 10.0       ; x86_64         ;
; Fitter               ; LAPTOP-5QTFLDN6  ; Windows 10 ; 10.0       ; x86_64         ;
; Assembler            ; LAPTOP-5QTFLDN6  ; Windows 10 ; 10.0       ; x86_64         ;
; Timing Analyzer      ; LAPTOP-5QTFLDN6  ; Windows 10 ; 10.0       ; x86_64         ;
+----------------------+------------------+------------+------------+----------------+


------------
; Flow Log ;
------------
quartus_map --read_settings_files=on --write_settings_files=off iwanna -c iwanna
quartus_fit --read_settings_files=off --write_settings_files=off iwanna -c iwanna
quartus_asm --read_settings_files=off --write_settings_files=off iwanna -c iwanna
quartus_sta iwanna -c iwanna



